Script accessed at 2024-10-07 20:53:24
GET parameters: Array
(
    [op] => listar
    [_] => 1728355998031
)

Script accessed at 2024-10-07 20:54:46
GET parameters: Array
(
    [op] => listar
    [_] => 1728356080338
)

Script accessed at 2024-10-07 20:55:48
GET parameters: Array
(
    [op] => listar
    [_] => 1728356142818
)

Script accessed at 2024-10-07 20:56:00
GET parameters: Array
(
    [op] => listar
    [_] => 1728356153931
)

Script accessed at 2024-10-07 20:56:42
GET parameters: Array
(
    [op] => listar
    [_] => 1728356195911
)

Script accessed at 2024-10-07 20:56:44
GET parameters: Array
(
    [op] => listar
    [_] => 1728356198879
)

Script accessed at 2024-10-07 20:56:47
GET parameters: Array
(
    [op] => listar
    [_] => 1728356201099
)

Script accessed at 2024-10-08 09:19:08
GET parameters: Array
(
    [op] => listar
    [_] => 1728400748530
)

Script accessed at 2024-10-08 09:19:09
GET parameters: Array
(
    [op] => listar
    [_] => 1728400749877
)

Script accessed at 2024-10-10 09:34:49
GET parameters: Array
(
    [op] => listar
    [_] => 1728574489391
)

Script accessed at 2024-10-10 09:34:57
GET parameters: Array
(
    [op] => listar
    [_] => 1728574497685
)

Script accessed at 2024-10-10 09:35:03
GET parameters: Array
(
    [op] => listar
    [_] => 1728574503989
)

Script accessed at 2024-10-10 09:35:07
GET parameters: Array
(
    [op] => listar
    [_] => 1728574508248
)

Script accessed at 2024-10-10 09:35:19
GET parameters: Array
(
    [op] => listar
    [_] => 1728574519315
)

Script accessed at 2024-10-10 09:35:24
GET parameters: Array
(
    [op] => listar
    [_] => 1728574524634
)

Script accessed at 2024-10-10 09:36:27
GET parameters: Array
(
    [op] => listar
    [_] => 1728574586471
)

Script accessed at 2024-10-10 09:37:14
GET parameters: Array
(
    [op] => listar
    [_] => 1728574634019
)

Script accessed at 2024-10-10 15:05:09
GET parameters: Array
(
    [op] => listar
    [_] => 1728594309484
)

Script accessed at 2024-10-10 15:10:04
GET parameters: Array
(
    [op] => listar
    [_] => 1728594604429
)

Script accessed at 2024-10-10 15:10:07
GET parameters: Array
(
    [op] => listar
    [_] => 1728594607229
)

Script accessed at 2024-10-10 15:50:22
GET parameters: Array
(
    [op] => listar
    [_] => 1728597022333
)

Script accessed at 2024-10-10 23:26:09
GET parameters: Array
(
    [op] => listar
    [_] => 1728624369688
)

Script accessed at 2024-10-10 23:26:16
GET parameters: Array
(
    [op] => listar
    [_] => 1728624376018
)

Script accessed at 2024-10-10 23:26:19
GET parameters: Array
(
    [op] => listar
    [_] => 1728624378814
)

Script accessed at 2024-10-10 23:26:29
GET parameters: Array
(
    [op] => listar
    [_] => 1728624321620
)

Script accessed at 2024-10-10 23:26:36
GET parameters: Array
(
    [op] => listar
    [_] => 1728624328658
)

Script accessed at 2024-10-10 23:26:39
GET parameters: Array
(
    [op] => listar
    [_] => 1728624398964
)

Script accessed at 2024-10-10 23:26:46
GET parameters: Array
(
    [op] => listar
    [_] => 1728624407114
)

Script accessed at 2024-10-10 23:27:03
GET parameters: Array
(
    [op] => listar
    [_] => 1728624423516
)

Script accessed at 2024-10-10 23:27:22
GET parameters: Array
(
    [op] => listar
    [_] => 1728624375138
)

Script accessed at 2024-10-14 16:46:56
GET parameters: Array
(
    [op] => listar
    [_] => 1728946015786
)

Script accessed at 2024-10-14 17:01:44
GET parameters: Array
(
    [op] => listar
    [_] => 1728946905373
)

Script accessed at 2024-10-14 17:03:47
GET parameters: Array
(
    [op] => listar
    [_] => 1728947028230
)

Script accessed at 2024-10-14 17:10:04
GET parameters: Array
(
    [op] => listar
    [_] => 1728947404465
)

Script accessed at 2024-10-14 18:13:46
GET parameters: Array
(
    [op] => listar
    [_] => 1728951226134
)

Script accessed at 2024-10-29 08:22:16
GET parameters: Array
(
    [op] => listar
    [_] => 1730211736528
)

Script accessed at 2024-10-29 08:22:20
GET parameters: Array
(
    [op] => listar
    [_] => 1730211739882
)

Script accessed at 2024-10-29 13:53:39
GET parameters: Array
(
    [op] => listar
    [_] => 1730231519412
)

Script accessed at 2024-11-01 14:30:50
GET parameters: Array
(
    [op] => listar
    [_] => 1730493050367
)

Script accessed at 2024-11-01 14:33:01
GET parameters: Array
(
    [op] => listar
    [_] => 1730493181326
)

Script accessed at 2024-11-01 14:33:27
GET parameters: Array
(
    [op] => listar
    [_] => 1730493206955
)

Script accessed at 2024-11-01 14:40:05
GET parameters: Array
(
    [op] => listar
    [_] => 1730493605767
)

Script accessed at 2024-11-01 14:40:38
GET parameters: Array
(
    [op] => listar
    [_] => 1730493637944
)

Script accessed at 2024-11-01 14:45:06
GET parameters: Array
(
    [op] => listar
    [_] => 1730493905886
)

Script accessed at 2024-11-01 15:42:51
GET parameters: Array
(
    [op] => listar
    [_] => 1730497370809
)

Script accessed at 2024-11-01 15:43:09
GET parameters: Array
(
    [op] => listar
    [_] => 1730497388875
)

Script accessed at 2024-11-01 15:43:12
GET parameters: Array
(
    [op] => listar
    [_] => 1730497392154
)

Script accessed at 2024-11-05 09:30:57
GET parameters: Array
(
    [op] => listar
    [_] => 1730820658230
)

Script accessed at 2024-11-05 09:31:01
GET parameters: Array
(
    [op] => listar
    [_] => 1730820661907
)

Script accessed at 2024-11-05 09:31:06
GET parameters: Array
(
    [op] => listar
    [_] => 1730820666556
)

Script accessed at 2024-11-05 09:31:10
GET parameters: Array
(
    [op] => listar
    [_] => 1730820671136
)

Script accessed at 2024-11-19 10:31:46
GET parameters: Array
(
    [op] => listar
    [_] => 1732033906050
)

Script accessed at 2024-11-19 10:31:49
GET parameters: Array
(
    [op] => listar
    [_] => 1732033909465
)

